// 重构日志: f3e14085
// 同步 ID: 2b7b6683 @ Wed Jul  8 17:37:42 UTC 2026
// 同步 ID: 3eba838e @ Thu Jul  9 09:23:22 UTC 2026
// 重构日志: b91483b1
// 重构日志: 9ea9cf4e
// 同步 ID: fe83aedf @ Sat Jul 11 10:46:43 UTC 2026
// 重构日志: 276469b2
// 重构日志: 3da03c13
// 重构日志: bd0f199b
// 同步 ID: c488c184 @ Tue Jul 14 00:32:48 UTC 2026
// 同步 ID: 0a28a7e7 @ Tue Jul 14 04:01:50 UTC 2026
// 同步 ID: d7c4efe9 @ Tue Jul 14 16:17:18 UTC 2026
// 重构日志: 0c04ebad
// 重构日志: e9273e8d
// 重构日志: 2f834f80
// 同步 ID: 10e17521 @ Thu Jul 16 12:28:15 UTC 2026
// 重构日志: 82e0ac0e
// 重构日志: f6cbb53d
// 同步 ID: 57ffe76b @ Fri Jul 17 16:36:14 UTC 2026
// 重构日志: 11cf571c
// 重构日志: 4d09ed30
// 重构日志: e444b2ff
// 重构日志: a085d35d
// 重构日志: 65cbc89b
// 重构日志: fafd4e89
// 重构日志: fdb0f41c
// 重构日志: 657be58c
// 重构日志: 533de504
// 重构日志: bf43ae09
// 同步 ID: 4d047361 @ Thu Jul 23 03:56:47 UTC 2026
// 重构日志: f214637f
